<?xml version="1.0" encoding="UTF-8"?>
<coverage generated="1506413634">
  <project timestamp="1506413634">
    <package name="Am\Config">
      <file name="C:\xampp\htdocs\projects\composer\PHPConfigurationLoaderClass\src/Config.php">
        <class name="Config" namespace="Am\Config" fullPackage="Am" package="Am">
          <metrics complexity="23" methods="7" coveredmethods="7" conditionals="0" coveredconditionals="0" statements="32" coveredstatements="32" elements="39" coveredelements="39"/>
        </class>
        <line num="66" type="method" name="__construct" visibility="public" complexity="1" crap="1" count="8"/>
        <line num="68" type="stmt" count="8"/>
        <line num="83" type="method" name="load_config" visibility="public" complexity="8" crap="8" count="8"/>
        <line num="85" type="stmt" count="8"/>
        <line num="86" type="stmt" count="5"/>
        <line num="87" type="stmt" count="5"/>
        <line num="90" type="stmt" count="8"/>
        <line num="92" type="stmt" count="8"/>
        <line num="94" type="stmt" count="3"/>
        <line num="95" type="stmt" count="1"/>
        <line num="96" type="stmt" count="1"/>
        <line num="100" type="stmt" count="3"/>
        <line num="104" type="stmt" count="5"/>
        <line num="106" type="stmt" count="4"/>
        <line num="110" type="stmt" count="1"/>
        <line num="114" type="stmt" count="8"/>
        <line num="122" type="method" name="parse_configs" visibility="protected" complexity="7" crap="7" count="7"/>
        <line num="124" type="stmt" count="7"/>
        <line num="126" type="stmt" count="4"/>
        <line num="127" type="stmt" count="4"/>
        <line num="129" type="stmt" count="4"/>
        <line num="130" type="stmt" count="4"/>
        <line num="131" type="stmt" count="4"/>
        <line num="134" type="stmt" count="4"/>
        <line num="137" type="stmt" count="3"/>
        <line num="139" type="stmt" count="2"/>
        <line num="140" type="stmt" count="2"/>
        <line num="141" type="stmt" count="2"/>
        <line num="146" type="stmt" count="7"/>
        <line num="155" type="method" name="is_assoc" visibility="protected" complexity="2" crap="2" count="3"/>
        <line num="156" type="stmt" count="3"/>
        <line num="164" type="method" name="is_yaml_valid" visibility="protected" complexity="3" crap="3" count="4"/>
        <line num="166" type="stmt" count="4"/>
        <line num="168" type="stmt" count="4"/>
        <line num="169" type="method" name="anonymousFunction:169#518" complexity="1" crap="1" count="4"/>
        <line num="170" type="stmt" count="1"/>
        <line num="171" type="stmt" count="4"/>
        <line num="172" type="stmt" count="4"/>
        <line num="176" type="stmt" count="4"/>
        <line num="177" type="stmt" count="0"/>
        <line num="178" type="stmt" count="0"/>
        <line num="181" type="stmt" count="4"/>
        <line num="183" type="stmt" count="4"/>
        <line num="184" type="stmt" count="1"/>
        <line num="186" type="stmt" count="4"/>
        <line num="197" type="method" name="errmsg" visibility="protected" complexity="1" crap="1" count="3"/>
        <line num="198" type="stmt" count="3"/>
        <metrics loc="200" ncloc="117" classes="1" methods="7" coveredmethods="7" conditionals="0" coveredconditionals="0" statements="40" coveredstatements="38" elements="47" coveredelements="45"/>
      </file>
    </package>
    <metrics files="1" loc="200" ncloc="117" classes="1" methods="7" coveredmethods="7" conditionals="0" coveredconditionals="0" statements="40" coveredstatements="38" elements="47" coveredelements="45"/>
  </project>
</coverage>
