<?xml version="1.0" encoding="UTF-8"?>
<coverage generated="1560348803">
  <project timestamp="1560348803">
    <package name="Am\Config">
      <file name="C:\xampp\htdocs\php\PHP-Configuration-Loader-Class\src/Config.php">
        <class name="Config" namespace="Am\Config" fullPackage="Am" package="Am">
          <metrics complexity="15" methods="4" coveredmethods="4" conditionals="0" coveredconditionals="0" statements="24" coveredstatements="24" elements="28" coveredelements="28"/>
        </class>
        <line num="60" type="method" name="__construct" visibility="public" complexity="1" crap="1" count="5"/>
        <line num="62" type="stmt" count="5"/>
        <line num="74" type="method" name="load_config" visibility="public" complexity="6" crap="6" count="5"/>
        <line num="76" type="stmt" count="5"/>
        <line num="77" type="stmt" count="4"/>
        <line num="78" type="stmt" count="4"/>
        <line num="81" type="stmt" count="5"/>
        <line num="83" type="stmt" count="5"/>
        <line num="85" type="stmt" count="3"/>
        <line num="86" type="stmt" count="1"/>
        <line num="87" type="stmt" count="1"/>
        <line num="91" type="stmt" count="2"/>
        <line num="96" type="stmt" count="5"/>
        <line num="98" type="stmt" count="2"/>
        <line num="102" type="stmt" count="5"/>
        <line num="109" type="method" name="parse_configs" visibility="protected" complexity="6" crap="6" count="5"/>
        <line num="111" type="stmt" count="5"/>
        <line num="113" type="stmt" count="3"/>
        <line num="115" type="stmt" count="3"/>
        <line num="116" type="stmt" count="3"/>
        <line num="117" type="stmt" count="3"/>
        <line num="119" type="stmt" count="2"/>
        <line num="121" type="stmt" count="1"/>
        <line num="122" type="stmt" count="1"/>
        <line num="123" type="stmt" count="1"/>
        <line num="127" type="stmt" count="5"/>
        <line num="136" type="method" name="is_assoc" visibility="protected" complexity="2" crap="2" count="2"/>
        <line num="137" type="stmt" count="2"/>
        <metrics loc="140" ncloc="77" classes="1" methods="4" coveredmethods="4" conditionals="0" coveredconditionals="0" statements="24" coveredstatements="24" elements="28" coveredelements="28"/>
      </file>
    </package>
    <metrics files="1" loc="140" ncloc="77" classes="1" methods="4" coveredmethods="4" conditionals="0" coveredconditionals="0" statements="24" coveredstatements="24" elements="28" coveredelements="28"/>
  </project>
</coverage>
